<?xml version="1.0" encoding="UTF-8"?>
<testsuite xmlns:xsi="http://www.w3.org/2001/XMLSchema-instance" xsi:noNamespaceSchemaLocation="https://maven.apache.org/surefire/maven-surefire-plugin/xsd/surefire-test-report-3.0.xsd" version="3.0" name="org.example.ApproxLRU1Test" time="0.241" tests="5" errors="0" skipped="0" failures="0">
  <properties>
[...]
</properties>
  <testcase name="getOnMissingKeyThrows" classname="org.example.ApproxLRU1Test" time="0.011"/>
  <testcase name="recentlyAccessedKeysSurviveMoreOftenThanUntouchedOnes" classname="org.example.ApproxLRU1Test" time="0.212"/>
  <testcase name="putAndGetReturnsCorrectValue" classname="org.example.ApproxLRU1Test" time="0.002"/>
  <testcase name="updatingExistingKeyOverwritesValue" classname="org.example.ApproxLRU1Test" time="0.001"/>
  <testcase name="sizeNeverExceedsCapacity" classname="org.example.ApproxLRU1Test" time="0.001"/>
</testsuite>